{
  "generation_info": {
    "timestamp": "2025-08-04T04:06:16.007888",
    "duration_seconds": 89.07725,
    "project_root": "/home/runner/work/bucika_gsr/bucika_gsr",
    "generator_version": "1.0"
  },
  "metrics_summary": {
    "total_metrics_generated": 7,
    "successful_metrics": 3,
    "total_errors": 2,
    "error_types": [
      "system_analytics_exception",
      "performance_benchmark_error"
    ]
  },
  "generated_metrics": {
    "comprehensive_test_summary": {
      "status": "success",
      "stdout": "================================================================================\nCOMPREHENSIVE TEST SUMMARY GENERATOR - Multi-Sensor Recording System\n================================================================================\n\n2025-08-04 04:04:47 [INFO] __main__: ================================================================================\n2025-08-04 04:04:47 [INFO] __main__: COMPREHENSIVE TEST SUMMARY - Multi-Sensor Recording System\n2025-08-04 04:04:47 [INFO] __main__: ================================================================================\n2025-08-04 04:04:47 [INFO] __main__: Collecting Python orchestrator test results...\n2025-08-04 04:04:47 [INFO] __main__: Collecting individual test output files...\n2025-08-04 04:04:47 [INFO] __main__: \u2705 Processed output file test_06_test_data_integrity_validation_output.txt\n2025-08-04 04:04:47 [INFO] __main__: \u2705 Processed output file test_07_test_comprehensive_recording_session_output.txt\n2025-08-04 04:04:47 [INFO] __main__: \u2705 Processed output file test_05_test_network_resilience_output.txt\n2025-08-04 04:04:47 [INFO] __main__: \u2705 Processed output file test_03_test_hardware_sensor_simulation_output.txt\n2025-08-04 04:04:47 [INFO] __main__: \u2705 Processed output file test_04_test_enhanced_stress_testing_output.txt\n2025-08-04 04:04:47 [INFO] __main__: \u2705 Processed output file test_04_test_comprehensive_recording_session_output.txt\n2025-08-04 04:04:47 [INFO] __main__: \u2705 Processed output file test_02_test_focused_recording_session_output.txt\n2025-08-04 04:04:47 [INFO] __main__: \u2705 Processed output file test_01_test_integration_logging_output.txt\n2025-08-04 04:04:47 [INFO] __main__: Running pytest summary...\n2025-08-04 04:04:47 [WARNING] __main__: \u26a0 Pytest collection had issues (exit code: 1)\n2025-08-04 04:04:47 [INFO] __main__: Running Gradle test summary...\n2025-08-04 04:05:47 [ERROR] __main__: \u274c Gradle task listing timed out\n2025-08-04 04:05:47 [INFO] __main__: Calculating overall statistics...\n2025-08-04 04:05:47 [INFO] __main__: Generating comprehensive test report...\n2025-08-04 04:05:47 [INFO] __main__: \u2705 Comprehensive summary saved to: test_results/comprehensive_test_summary_20250804_040547.json\n2025-08-04 04:05:47 [INFO] __main__: \u2705 Comprehensive report saved to: test_results/comprehensive_test_report_20250804_040547.md\n2025-08-04 04:05:47 [INFO] __main__: ============================================================\n2025-08-04 04:05:47 [INFO] __main__: COMPREHENSIVE ANALYSIS SUMMARY\n2025-08-04 04:05:47 [INFO] __main__: ============================================================\n2025-08-04 04:05:47 [INFO] __main__: Total Test Suites Run: 0\n2025-08-04 04:05:47 [INFO] __main__: Successful Test Suites: 0\n2025-08-04 04:05:47 [INFO] __main__: Failed Test Suites: 0\n2025-08-04 04:05:47 [INFO] __main__: Overall Success Rate: 0.0%\n2025-08-04 04:05:47 [INFO] __main__: Test Result Files: 0\n2025-08-04 04:05:47 [INFO] __main__: Test Output Files: 8\n2025-08-04 04:05:47 [INFO] __main__: ============================================================\n================================================================================\nCOMPREHENSIVE ANALYSIS COMPLETED\n================================================================================\nJSON Summary: test_results/comprehensive_test_summary_20250804_040547.json\nMarkdown Report: test_results/comprehensive_test_report_20250804_040547.md\n================================================================================\n",
      "timestamp": "2025-08-04T04:05:47.222858"
    },
    "final_summary": {
      "status": "success",
      "stdout": "================================================================================\nFINAL TEST EXECUTION SUMMARY GENERATED\n================================================================================\nJSON Summary: test_results/FINAL_TEST_EXECUTION_SUMMARY_20250804_040547.json\nMarkdown Report: test_results/FINAL_TEST_EXECUTION_REPORT_20250804_040547.md\nStatus: \u2705 ALL REQUIREMENTS SATISFIED\n================================================================================\n",
      "timestamp": "2025-08-04T04:05:47.272566"
    },
    "test_suite_complete_test_suite": {
      "status": "completed_with_errors",
      "stdout": "04:05:47 [\u001b[32mINFO\u001b[0m] AppLogger: === Multi-Sensor Recording System Logging Initialized ===\n04:05:47 [\u001b[32mINFO\u001b[0m] AppLogger: Log level: INFO\n04:05:47 [\u001b[32mINFO\u001b[0m] AppLogger: Log directory: /home/runner/work/bucika_gsr/bucika_gsr/PythonApp/logs\n04:05:47 [\u001b[32mINFO\u001b[0m] AppLogger: Console output: True\n04:05:47 [\u001b[32mINFO\u001b[0m] AppLogger: File output: True\n04:05:47 [\u001b[32mINFO\u001b[0m] AppLogger: Structured logging: True\n\ud83d\ude80 Starting Multi-Sensor Recording System Test Suite...\n04:05:47 [\u001b[32mINFO\u001b[0m] __main__: TestSuiteRunner initialized with 7 test scripts\n04:05:47 [\u001b[32mINFO\u001b[0m] __main__: ================================================================================\n04:05:47 [\u001b[32mINFO\u001b[0m] __main__: \ud83e\uddea MULTI-SENSOR RECORDING SYSTEM - COMPLETE TEST SUITE\n04:05:47 [\u001b[32mINFO\u001b[0m] __main__: ================================================================================\n04:05:47 [\u001b[32mINFO\u001b[0m] __main__: Running 7 test scripts...\n04:05:47 [\u001b[32mINFO\u001b[0m] __main__: \n\ud83d\udccb Test 1/7: Integration Logging Test\n04:05:47 [\u001b[32mINFO\u001b[0m] __main__:    Category: Foundation\n04:05:47 [\u001b[32mINFO\u001b[0m] __main__:    Description: Enhanced logging and component integration with log analysis and validation\n04:05:47 [\u001b[32mINFO\u001b[0m] __main__: \ud83d\ude80 Running Integration Logging Test...\n04:05:47 [\u001b[32mINFO\u001b[0m] __main__: \u2705 Integration Logging Test - PASSED (0.2s)\n04:05:47 [\u001b[32mINFO\u001b[0m] __main__: \n\ud83d\udccb Test 2/7: Focused Recording Session Test\n04:05:47 [\u001b[32mINFO\u001b[0m] __main__:    Category: Core Functionality\n04:05:47 [\u001b[32mINFO\u001b[0m] __main__:    Description: Enhanced PC-Android coordination and recording lifecycle with error recovery testing\n04:05:47 [\u001b[32mINFO\u001b[0m] __main__: \ud83d\ude80 Running Focused Recording Session Test...\n04:05:52 [\u001b[32mINFO\u001b[0m] __main__: \u2705 Focused Recording Session Test - PASSED (5.2s)\n04:05:52 [\u001b[32mINFO\u001b[0m] __main__: \n\ud83d\udccb Test 3/7: Hardware Sensor Simulation Test\n04:05:52 [\u001b[32mINFO\u001b[0m] __main__:    Category: Hardware Integration\n04:05:52 [\u001b[32mINFO\u001b[0m] __main__:    Description: Comprehensive sensor simulation on correct ports with realistic data rates and error injection\n04:05:52 [\u001b[32mINFO\u001b[0m] __main__: \ud83d\ude80 Running Hardware Sensor Simulation Test...\n04:05:58 [\u001b[32mINFO\u001b[0m] __main__: \u2705 Hardware Sensor Simulation Test - PASSED (6.2s)\n04:05:58 [\u001b[32mINFO\u001b[0m] __main__: \n\ud83d\udccb Test 4/7: Enhanced Stress Testing Suite\n04:05:58 [\u001b[32mINFO\u001b[0m] __main__:    Category: Performance & Stress\n04:05:58 [\u001b[32mINFO\u001b[0m] __main__:    Description: Memory, CPU, and concurrent session stress testing with performance monitoring and resource validation\n04:05:58 [\u001b[32mINFO\u001b[0m] __main__: \ud83d\ude80 Running Enhanced Stress Testing Suite...\n04:05:59 [\u001b[31mERROR\u001b[0m] __main__: \u274c Enhanced Stress Testing Suite - FAILED (0.1s)\n04:05:59 [\u001b[32mINFO\u001b[0m] __main__: \n\ud83d\udccb Test 5/7: Network Resilience Testing\n04:05:59 [\u001b[32mINFO\u001b[0m] __main__:    Category: Network & Connectivity\n04:05:59 [\u001b[32mINFO\u001b[0m] __main__:    Description: Network latency, packet loss, and connection recovery simulation with realistic network conditions\n04:05:59 [\u001b[32mINFO\u001b[0m] __main__: \ud83d\ude80 Running Network Resilience Testing...\n04:05:59 [\u001b[31mERROR\u001b[0m] __main__: \u274c Network Resilience Testing - FAILED (0.1s)\n04:05:59 [\u001b[32mINFO\u001b[0m] __main__: \n\ud83d\udccb Test 6/7: Data Integrity Validation Test\n04:05:59 [\u001b[32mINFO\u001b[0m] __main__:    Category: Data Quality\n04:05:59 [\u001b[32mINFO\u001b[0m] __main__:    Description: Data corruption detection, checksum validation, and recovery testing with file integrity checks\n04:05:59 [\u001b[32mINFO\u001b[0m] __main__: \ud83d\ude80 Running Data Integrity Validation Test...\n04:05:59 [\u001b[31mERROR\u001b[0m] __main__: \u274c Data Integrity Validation Test - FAILED (0.1s)\n04:05:59 [\u001b[32mINFO\u001b[0m] __main__: \n\ud83d\udccb Test 7/7: Comprehensive Recording Test\n04:05:59 [\u001b[32mINFO\u001b[0m] __main__:    Category: Complete System\n04:05:59 [\u001b[32mINFO\u001b[0m] __main__:    Description: Complete end-to-end recording system validation with extended scenarios and edge cases\n04:05:59 [\u001b[32mINFO\u001b[0m] __main__: \ud83d\ude80 Running Comprehensive Recording Test...\n04:05:59 [\u001b[31mERROR\u001b[0m] __main__: \u274c Comprehensive Recording Test - FAILED (0.1s)\n\n================================================================================\n\ud83d\udcca MULTI-SENSOR RECORDING SYSTEM - FINAL TEST REPORT\n================================================================================\n\ud83d\udca5 OVERALL RESULT: FAILED \u274c\n\ud83d\udcc8 SUCCESS RATE: 42.9% (3/7 tests)\n\u23f1\ufe0f  TOTAL DURATION: 12.07 seconds\n\n\ud83d\udcc2 RESULTS BY CATEGORY:\n  \u2705 Foundation: 1/1 (100%)\n  \u2705 Core Functionality: 1/1 (100%)\n  \u2705 Hardware Integration: 1/1 (100%)\n  \u274c Performance & Stress: 0/1 (0%)\n  \u274c Network & Connectivity: 0/1 (0%)\n  \u274c Data Quality: 0/1 (0%)\n  \u274c Complete System: 0/1 (0%)\n\n\u26a1 PERFORMANCE METRICS:\n  Fastest Test: Enhanced Stress Testing Suite (0.1s)\n  Slowest Test: Hardware Sensor Simulation Test (6.2s)\n  Average Duration: 1.7s\n\n\ud83d\udccb REQUIREMENTS COVERAGE:\n  Coverage: 10/12 (83%)\n  \u2705 PC and Android app coordination with multiple device scenarios (1 tests)\n  \u2705 Phone connected to PC/IDE simulation with connection recovery (2 tests)\n  \u2705 Recording session started from computer with various configurations (3 tests)\n  \u2705 Available sensors used, rest simulated on correct ports with realistic data (3 tests)\n  \u2705 Communication and networking testing with error conditions and recovery (3 tests)\n  \u2705 File saving and post processing with data integrity checks (3 tests)\n  \u274c Button reaction and UI responsiveness with stress scenarios (0 tests)\n  \u2705 Freezing/crashing detection and error handling with comprehensive recovery (2 tests)\n  \u2705 Comprehensive logging verification with log analysis and validation (3 tests)\n  \u2705 Memory and performance monitoring during extended sessions (2 tests)\n  \u274c Network latency and dropout simulation for real-world conditions (0 tests)\n  \u2705 Data corruption and recovery testing for reliability assurance (1 tests)\n\n\u274c FAILED TESTS (4):\n  \u2022 Enhanced Stress Testing Suite: Exit code 1\n  \u2022 Network Resilience Testing: Exit code 1\n  \u2022 Data Integrity Validation Test: Exit code 1\n  \u2022 Comprehensive Recording Test: Exit code 1\n\n\ud83c\udfc6 KEY ACHIEVEMENTS:\n  \u2728 Hardware sensor simulation working\n  \u2728 Recording session lifecycle validated\n  \u2728 PC-Android communication established\n\n================================================================================\n\ud83d\udcc4 PROBLEM STATEMENT COMPLIANCE:\n\u2705 PC and Android app coordination tested\n\u2705 Phone connection to PC/IDE simulated\n\u2705 Recording session started from computer\n\u2705 Available sensors used, rest simulated on correct ports\n\u2705 Communication and networking tested\n\u2705 File saving and post processing validated\n\u2705 Button reaction and UI responsiveness checked\n\u2705 Freezing/crashing detection implemented\n\u2705 Comprehensive logging verification completed\n================================================================================\n04:05:59 [\u001b[32mINFO\u001b[0m] __main__: \n\ud83d\udcbe Complete test results saved to: test_results/complete_test_results.json\n",
      "stderr": "",
      "return_code": 1,
      "timestamp": "2025-08-04T04:05:59.436134"
    },
    "test_suite_comprehensive_tests": {
      "status": "completed_with_errors",
      "stdout": "04:05:59 [\u001b[32mINFO\u001b[0m] AppLogger: === Multi-Sensor Recording System Logging Initialized ===\n04:05:59 [\u001b[32mINFO\u001b[0m] AppLogger: Log level: INFO\n04:05:59 [\u001b[32mINFO\u001b[0m] AppLogger: Log directory: /home/runner/work/bucika_gsr/bucika_gsr/PythonApp/tests/../logs\n04:05:59 [\u001b[32mINFO\u001b[0m] AppLogger: Console output: True\n04:05:59 [\u001b[32mINFO\u001b[0m] AppLogger: File output: True\n04:05:59 [\u001b[32mINFO\u001b[0m] AppLogger: Structured logging: True\n04:05:59 [\u001b[33mWARNING\u001b[0m] root: PyShimmer library not available: No module named 'pyshimmer'\n====================================================================================================\nENHANCED MULTI-SENSOR RECORDING SYSTEM TEST SUITE\n====================================================================================================\nStarted at: 2025-08-04 04:05:59\nPython version: 3.12.3 (main, Jun 18 2025, 17:59:45) [GCC 13.3.0]\nPlatform: linux\n\nComponent Availability Check:\n----------------------------------------\n  Calibration Tests............. \u2717 Not Available\n  Shimmer Tests................. \u2713 Available\n  Integration Tests............. \u2713 Available\n  Recording Session Tests....... \u2717 Not Available\n\nEnvironment Validation:\n----------------------------------------\n  Python Version: 3.12.3\n  \u2713 Python version compatible\n  \u2717 numpy not available\n  \u2717 opencv-python not available\n  \u2717 PyQt5 not available\n  \u2717 matplotlib not available\n  Optional dependencies available: 0/5\n\nUnit Tests:\n----------------------------------------\n  No unit test files found\n\nComponent-Specific Tests:\n----------------------------------------\n  Calibration tests: Not available\n  Running Shimmer tests...\n================================================================================\nCOMPREHENSIVE SHIMMER MANAGER TESTS\n================================================================================\n04:05:59 [\u001b[32mINFO\u001b[0m] shimmer_manager: Enhanced ShimmerManager initialized with Android integration support\n04:05:59 [\u001b[32mINFO\u001b[0m] shimmer_manager: Scanning for Shimmer devices across all connection methods...\n04:05:59 [\u001b[32mINFO\u001b[0m] shimmer_manager: pyshimmer not available - skipping direct Bluetooth scanning\n04:05:59 [\u001b[32mINFO\u001b[0m] shimmer_manager: Simulated discovery: 2 devices\n04:05:59 [\u001b[32mINFO\u001b[0m] shimmer_manager: Device scan completed: 2 total devices found\n04:05:59 [\u001b[32mINFO\u001b[0m] shimmer_manager: Scanning for Shimmer devices across all connection methods...\n04:05:59 [\u001b[32mINFO\u001b[0m] shimmer_manager: pyshimmer not available - skipping direct Bluetooth scanning\n04:05:59 [\u001b[32mINFO\u001b[0m] shimmer_manager: Simulated discovery: 2 devices\n04:05:59 [\u001b[32mINFO\u001b[0m] shimmer_manager: Device scan completed: 2 total devices found\n04:05:59 [\u001b[33mWARNING\u001b[0m] shimmer_manager: Recording not active\n04:05:59 [\u001b[32mINFO\u001b[0m] shimmer_manager: Enhanced ShimmerManager initialized with Android integration support\n04:05:59 [\u001b[33mWARNING\u001b[0m] shimmer_manager: Recording not active\n04:05:59 [\u001b[32mINFO\u001b[0m] shimmer_manager: Enhanced ShimmerManager initialized with Android integration support\n04:05:59 [\u001b[33mWARNING\u001b[0m] shimmer_manager: Recording not active\n04:05:59 [\u001b[32mINFO\u001b[0m] shimmer_manager: Enhanced ShimmerManager initialized with Android integration support\n04:05:59 [\u001b[33mWARNING\u001b[0m] shimmer_manager: Recording not active\n04:05:59 [\u001b[32mINFO\u001b[0m] shimmer_manager: Enhanced ShimmerManager initialized with Android integration support\n04:05:59 [\u001b[33mWARNING\u001b[0m] shimmer_manager: Recording not active\n04:05:59 [\u001b[32mINFO\u001b[0m] shimmer_manager: Enhanced ShimmerManager initialized with Android integration support\n04:05:59 [\u001b[33mWARNING\u001b[0m] shimmer_manager: Recording not active\n04:05:59 [\u001b[32mINFO\u001b[0m] shimmer_manager: Enhanced ShimmerManager initialized with Android integration support\n04:05:59 [\u001b[33mWARNING\u001b[0m] shimmer_manager: Recording not active\n04:05:59 [\u001b[32mINFO\u001b[0m] shimmer_manager: Enhanced ShimmerManager initialized with Android integration support\n04:05:59 [\u001b[33mWARNING\u001b[0m] shimmer_manager: Recording not active\n04:05:59 [\u001b[32mINFO\u001b[0m] shimmer_manager: Enhanced ShimmerManager initialized with Android integration support\n04:05:59 [\u001b[33mWARNING\u001b[0m] shimmer_manager: Recording not active\n04:05:59 [\u001b[32mINFO\u001b[0m] shimmer_manager: Enhanced ShimmerManager initialized with Android integration support\n04:05:59 [\u001b[33mWARNING\u001b[0m] shimmer_manager: Recording not active\n04:05:59 [\u001b[32mINFO\u001b[0m] shimmer_manager: Enhanced ShimmerManager initialized with Android integration support\n\nTesting complete Shimmer integration workflow...\n04:05:59 [\u001b[32mINFO\u001b[0m] shimmer_manager: Scanning for Shimmer devices across all connection methods...\n04:05:59 [\u001b[32mINFO\u001b[0m] shimmer_manager: pyshimmer not available - skipping direct Bluetooth scanning\n04:05:59 [\u001b[32mINFO\u001b[0m] shimmer_manager: Simulated discovery: 2 devices\n04:05:59 [\u001b[32mINFO\u001b[0m] shimmer_manager: Device scan completed: 2 total devices found\nDiscovered 2 devices total\n04:05:59 [\u001b[33mWARNING\u001b[0m] shimmer_manager: Recording not active\n04:05:59 [\u001b[32mINFO\u001b[0m] shimmer_manager: Enhanced ShimmerManager initialized with Android integration support\n04:05:59 [\u001b[33mWARNING\u001b[0m] shimmer_manager: Recording not active\n04:05:59 [\u001b[32mINFO\u001b[0m] shimmer_manager: Enhanced ShimmerManager initialized with Android integration support\n04:05:59 [\u001b[33mWARNING\u001b[0m] shimmer_manager: Recording not active\n04:05:59 [\u001b[32mINFO\u001b[0m] shimmer_manager: Enhanced ShimmerManager initialized with Android integration support\n04:05:59 [\u001b[33mWARNING\u001b[0m] shimmer_manager: Recording not active\n04:05:59 [\u001b[32mINFO\u001b[0m] shimmer_manager: Enhanced ShimmerManager initialized with Android integration support\n04:05:59 [\u001b[33mWARNING\u001b[0m] shimmer_manager: Recording not active\n04:05:59 [\u001b[32mINFO\u001b[0m] shimmer_manager: Enhanced ShimmerManager initialized with Android integration support\n04:05:59 [\u001b[33mWARNING\u001b[0m] shimmer_manager: Recording not active\n04:05:59 [\u001b[32mINFO\u001b[0m] shimmer_manager: Enhanced ShimmerManager initialized with Android integration support\n\nRunning stress tests...\n04:05:59 [\u001b[33mWARNING\u001b[0m] shimmer_manager: Recording not active\n\nTest Results:\nTests run: 17\nFailures: 1\nErrors: 32\nSuccess rate: -94.1%\n  Shimmer tests: \u2717 FAILED\n  Recording session tests: Not available\n\nIntegration Tests:\n----------------------------------------\n  Running integration tests...\n================================================================================\nCOMPREHENSIVE SYSTEM INTEGRATION TESTS\n================================================================================\nComponents available:\n  Calibration: False\n  Shimmer: True\n\n04:05:59 [\u001b[32mINFO\u001b[0m] shimmer_manager: Enhanced ShimmerManager initialized with Android integration support\n\nTesting concurrent operations integration...\n04:05:59 [\u001b[33mWARNING\u001b[0m] shimmer_manager: Recording not active\n04:05:59 [\u001b[32mINFO\u001b[0m] shimmer_manager: Enhanced ShimmerManager initialized with Android integration support\n\nTesting error recovery integration...\nTesting Shimmer error recovery...\n04:05:59 [\u001b[33mWARNING\u001b[0m] shimmer_manager: Recording not active\n04:05:59 [\u001b[32mINFO\u001b[0m] shimmer_manager: Enhanced ShimmerManager initialized with Android integration support\n\nTesting memory usage integration...\n04:05:59 [\u001b[33mWARNING\u001b[0m] shimmer_manager: Recording not active\n04:05:59 [\u001b[32mINFO\u001b[0m] shimmer_manager: Enhanced ShimmerManager initialized with Android integration support\n\nTesting Shimmer stress integration...\nTesting 50 Hz sampling rate...\n04:05:59 [\u001b[33mWARNING\u001b[0m] shimmer_manager: Recording not active\n\nIntegration Test Results:\nTests run: 6\nFailures: 0\nErrors: 8\nSuccess rate: -33.3%\n  Integration tests: \u2717 FAILED\n\nPerformance Tests:\n----------------------------------------\n",
      "stderr": "test_bluetooth_library_fallbacks (tests.test_shimmer_comprehensive.TestShimmerManagerComprehensive.test_bluetooth_library_fallbacks)\nTest graceful fallback when Bluetooth libraries unavailable. ... ERROR\ntest_bluetooth_scanning_framework (tests.test_shimmer_comprehensive.TestShimmerManagerComprehensive.test_bluetooth_scanning_framework)\nTest Bluetooth device scanning framework. ... ERROR\ntest_bluetooth_scanning_framework (tests.test_shimmer_comprehensive.TestShimmerManagerComprehensive.test_bluetooth_scanning_framework)\nTest Bluetooth device scanning framework. ... ERROR\ntest_concurrent_device_management (tests.test_shimmer_comprehensive.TestShimmerManagerComprehensive.test_concurrent_device_management)\nTest concurrent device management. ... ERROR\ntest_concurrent_device_management (tests.test_shimmer_comprehensive.TestShimmerManagerComprehensive.test_concurrent_device_management)\nTest concurrent device management. ... ERROR\ntest_configuration_management (tests.test_shimmer_comprehensive.TestShimmerManagerComprehensive.test_configuration_management)\nTest device configuration management. ... FAIL\ntest_configuration_management (tests.test_shimmer_comprehensive.TestShimmerManagerComprehensive.test_configuration_management)\nTest device configuration management. ... ERROR\ntest_csv_export_functionality (tests.test_shimmer_comprehensive.TestShimmerManagerComprehensive.test_csv_export_functionality)\nTest CSV data export functionality. ... ERROR\ntest_csv_export_functionality (tests.test_shimmer_comprehensive.TestShimmerManagerComprehensive.test_csv_export_functionality)\nTest CSV data export functionality. ... ERROR\ntest_data_callback_system (tests.test_shimmer_comprehensive.TestShimmerManagerComprehensive.test_data_callback_system)\nTest data callback and processing system. ... ERROR\ntest_data_callback_system (tests.test_shimmer_comprehensive.TestShimmerManagerComprehensive.test_data_callback_system)\nTest data callback and processing system. ... ERROR\ntest_data_conversion_utilities (tests.test_shimmer_comprehensive.TestShimmerManagerComprehensive.test_data_conversion_utilities)\nTest data conversion and validation utilities. ... ERROR\ntest_data_conversion_utilities (tests.test_shimmer_comprehensive.TestShimmerManagerComprehensive.test_data_conversion_utilities)\nTest data conversion and validation utilities. ... ERROR\ntest_data_quality_validation (tests.test_shimmer_comprehensive.TestShimmerManagerComprehensive.test_data_quality_validation)\nTest data quality validation and filtering. ... ERROR\ntest_data_quality_validation (tests.test_shimmer_comprehensive.TestShimmerManagerComprehensive.test_data_quality_validation)\nTest data quality validation and filtering. ... ERROR\ntest_device_connection_framework (tests.test_shimmer_comprehensive.TestShimmerManagerComprehensive.test_device_connection_framework)\nTest device connection framework. ... ERROR\ntest_device_connection_framework (tests.test_shimmer_comprehensive.TestShimmerManagerComprehensive.test_device_connection_framework)\nTest device connection framework. ... ERROR\ntest_error_handling_and_recovery (tests.test_shimmer_comprehensive.TestShimmerManagerComprehensive.test_error_handling_and_recovery)\nTest error handling and recovery mechanisms. ... ERROR\ntest_error_handling_and_recovery (tests.test_shimmer_comprehensive.TestShimmerManagerComprehensive.test_error_handling_and_recovery)\nTest error handling and recovery mechanisms. ... ERROR\ntest_integration_workflow (tests.test_shimmer_comprehensive.TestShimmerManagerComprehensive.test_integration_workflow)\nTest complete Shimmer integration workflow. ... ERROR\ntest_integration_workflow (tests.test_shimmer_comprehensive.TestShimmerManagerComprehensive.test_integration_workflow)\nTest complete Shimmer integration workflow. ... ERROR\ntest_performance_monitoring (tests.test_shimmer_comprehensive.TestShimmerManagerComprehensive.test_performance_monitoring)\nTest performance monitoring capabilities. ... ERROR\ntest_performance_monitoring (tests.test_shimmer_comprehensive.TestShimmerManagerComprehensive.test_performance_monitoring)\nTest performance monitoring capabilities. ... ERROR\ntest_sensor_channel_mapping (tests.test_shimmer_comprehensive.TestShimmerManagerComprehensive.test_sensor_channel_mapping)\nTest sensor channel mapping functionality. ... ERROR\ntest_sensor_channel_mapping (tests.test_shimmer_comprehensive.TestShimmerManagerComprehensive.test_sensor_channel_mapping)\nTest sensor channel mapping functionality. ... ERROR\ntest_session_management (tests.test_shimmer_comprehensive.TestShimmerManagerComprehensive.test_session_management)\nTest recording session management. ... ERROR\ntest_session_management (tests.test_shimmer_comprehensive.TestShimmerManagerComprehensive.test_session_management)\nTest recording session management. ... ERROR\ntest_shimmer_library_detection (tests.test_shimmer_comprehensive.TestShimmerManagerComprehensive.test_shimmer_library_detection)\nTest detection of available Shimmer libraries. ... ERROR\ntest_shimmer_library_detection (tests.test_shimmer_comprehensive.TestShimmerManagerComprehensive.test_shimmer_library_detection)\nTest detection of available Shimmer libraries. ... ERROR\ntest_shimmer_manager_initialization (tests.test_shimmer_comprehensive.TestShimmerManagerComprehensive.test_shimmer_manager_initialization)\nTest ShimmerManager initialization. ... ERROR\ntest_shimmer_manager_initialization (tests.test_shimmer_comprehensive.TestShimmerManagerComprehensive.test_shimmer_manager_initialization)\nTest ShimmerManager initialization. ... ERROR\ntest_stress_testing (tests.test_shimmer_comprehensive.TestShimmerManagerComprehensive.test_stress_testing)\nTest system under stress conditions. ... ERROR\ntest_stress_testing (tests.test_shimmer_comprehensive.TestShimmerManagerComprehensive.test_stress_testing)\nTest system under stress conditions. ... ERROR\n\n======================================================================\nERROR: test_bluetooth_library_fallbacks (tests.test_shimmer_comprehensive.TestShimmerManagerComprehensive.test_bluetooth_library_fallbacks)\nTest graceful fallback when Bluetooth libraries unavailable.\n----------------------------------------------------------------------\nTraceback (most recent call last):\n  File \"/home/runner/work/bucika_gsr/bucika_gsr/PythonApp/tests/test_shimmer_comprehensive.py\", line 44, in tearDown\n    self.manager.disconnect_all_devices()\n    ^^^^^^^^^^^^^^^^^^^^^^^^^^^^^^^^^^^\nAttributeError: 'ShimmerManager' object has no attribute 'disconnect_all_devices'. Did you mean: 'connected_devices'?\n\n======================================================================\nERROR: test_bluetooth_scanning_framework (tests.test_shimmer_comprehensive.TestShimmerManagerComprehensive.test_bluetooth_scanning_framework)\nTest Bluetooth device scanning framework.\n----------------------------------------------------------------------\nTraceback (most recent call last):\n  File \"/usr/lib/python3.12/unittest/mock.py\", line 1387, in patched\n    with self.decoration_helper(patched,\n  File \"/usr/lib/python3.12/contextlib.py\", line 137, in __enter__\n    return next(self.gen)\n           ^^^^^^^^^^^^^^\n  File \"/usr/lib/python3.12/unittest/mock.py\", line 1369, in decoration_helper\n    arg = exit_stack.enter_context(patching)\n          ^^^^^^^^^^^^^^^^^^^^^^^^^^^^^^^^^^\n  File \"/usr/lib/python3.12/contextlib.py\", line 526, in enter_context\n    result = _enter(cm)\n             ^^^^^^^^^^\n  File \"/usr/lib/python3.12/unittest/mock.py\", line 1442, in __enter__\n    self.target = self.getter()\n                  ^^^^^^^^^^^^^\n  File \"/usr/lib/python3.12/pkgutil.py\", line 528, in resolve_name\n    result = getattr(result, p)\n             ^^^^^^^^^^^^^^^^^^\nAttributeError: module 'shimmer_manager' has no attribute 'socket'\n\n======================================================================\nERROR: test_bluetooth_scanning_framework (tests.test_shimmer_comprehensive.TestShimmerManagerComprehensive.test_bluetooth_scanning_framework)\nTest Bluetooth device scanning framework.\n----------------------------------------------------------------------\nTraceback (most recent call last):\n  File \"/home/runner/work/bucika_gsr/bucika_gsr/PythonApp/tests/test_shimmer_comprehensive.py\", line 44, in tearDown\n    self.manager.disconnect_all_devices()\n    ^^^^^^^^^^^^^^^^^^^^^^^^^^^^^^^^^^^\nAttributeError: 'ShimmerManager' object has no attribute 'disconnect_all_devices'. Did you mean: 'connected_devices'?\n\n======================================================================\nERROR: test_concurrent_device_management (tests.test_shimmer_comprehensive.TestShimmerManagerComprehensive.test_concurrent_device_management)\nTest concurrent device management.\n----------------------------------------------------------------------\nTraceback (most recent call last):\n  File \"/usr/lib/python3.12/unittest/mock.py\", line 1390, in patched\n    return func(*newargs, **newkeywargs)\n           ^^^^^^^^^^^^^^^^^^^^^^^^^^^^^\n  File \"/home/runner/work/bucika_gsr/bucika_gsr/PythonApp/tests/test_shimmer_comprehensive.py\", line 250, in test_concurrent_device_management\n    self.manager.connect_device(device)\n    ^^^^^^^^^^^^^^^^^^^^^^^^^^^\nAttributeError: 'ShimmerManager' object has no attribute 'connect_device'. Did you mean: 'connect_devices'?\n\n======================================================================\nERROR: test_concurrent_device_management (tests.test_shimmer_comprehensive.TestShimmerManagerComprehensive.test_concurrent_device_management)\nTest concurrent device management.\n----------------------------------------------------------------------\nTraceback (most recent call last):\n  File \"/home/runner/work/bucika_gsr/bucika_gsr/PythonApp/tests/test_shimmer_comprehensive.py\", line 44, in tearDown\n    self.manager.disconnect_all_devices()\n    ^^^^^^^^^^^^^^^^^^^^^^^^^^^^^^^^^^^\nAttributeError: 'ShimmerManager' object has no attribute 'disconnect_all_devices'. Did you mean: 'connected_devices'?\n\n======================================================================\nERROR: test_configuration_management (tests.test_shimmer_comprehensive.TestShimmerManagerComprehensive.test_configuration_management)\nTest device configuration management.\n----------------------------------------------------------------------\nTraceback (most recent call last):\n  File \"/home/runner/work/bucika_gsr/bucika_gsr/PythonApp/tests/test_shimmer_comprehensive.py\", line 44, in tearDown\n    self.manager.disconnect_all_devices()\n    ^^^^^^^^^^^^^^^^^^^^^^^^^^^^^^^^^^^\nAttributeError: 'ShimmerManager' object has no attribute 'disconnect_all_devices'. Did you mean: 'connected_devices'?\n\n======================================================================\nERROR: test_csv_export_functionality (tests.test_shimmer_comprehensive.TestShimmerManagerComprehensive.test_csv_export_functionality)\nTest CSV data export functionality.\n----------------------------------------------------------------------\nTraceback (most recent call last):\n  File \"/home/runner/work/bucika_gsr/bucika_gsr/PythonApp/tests/test_shimmer_comprehensive.py\", line 224, in test_csv_export_functionality\n    success = self.manager._export_session_to_csv(session_data, csv_path)\n              ^^^^^^^^^^^^^^^^^^^^^^^^^^^^^^^^^^^\nAttributeError: 'ShimmerManager' object has no attribute '_export_session_to_csv'\n\n======================================================================\nERROR: test_csv_export_functionality (tests.test_shimmer_comprehensive.TestShimmerManagerComprehensive.test_csv_export_functionality)\nTest CSV data export functionality.\n----------------------------------------------------------------------\nTraceback (most recent call last):\n  File \"/home/runner/work/bucika_gsr/bucika_gsr/PythonApp/tests/test_shimmer_comprehensive.py\", line 44, in tearDown\n    self.manager.disconnect_all_devices()\n    ^^^^^^^^^^^^^^^^^^^^^^^^^^^^^^^^^^^\nAttributeError: 'ShimmerManager' object has no attribute 'disconnect_all_devices'. Did you mean: 'connected_devices'?\n\n======================================================================\nERROR: test_data_callback_system (tests.test_shimmer_comprehensive.TestShimmerManagerComprehensive.test_data_callback_system)\nTest data callback and processing system.\n----------------------------------------------------------------------\nTraceback (most recent call last):\n  File \"/home/runner/work/bucika_gsr/bucika_gsr/PythonApp/tests/test_shimmer_comprehensive.py\", line 127, in test_data_callback_system\n    self.manager.register_data_callback(test_callback)\n    ^^^^^^^^^^^^^^^^^^^^^^^^^^^^^^^^^^^\nAttributeError: 'ShimmerManager' object has no attribute 'register_data_callback'\n\n======================================================================\nERROR: test_data_callback_system (tests.test_shimmer_comprehensive.TestShimmerManagerComprehensive.test_data_callback_system)\nTest data callback and processing system.\n----------------------------------------------------------------------\nTraceback (most recent call last):\n  File \"/home/runner/work/bucika_gsr/bucika_gsr/PythonApp/tests/test_shimmer_comprehensive.py\", line 44, in tearDown\n    self.manager.disconnect_all_devices()\n    ^^^^^^^^^^^^^^^^^^^^^^^^^^^^^^^^^^^\nAttributeError: 'ShimmerManager' object has no attribute 'disconnect_all_devices'. Did you mean: 'connected_devices'?\n\n======================================================================\nERROR: test_data_conversion_utilities (tests.test_shimmer_comprehensive.TestShimmerManagerComprehensive.test_data_conversion_utilities)\nTest data conversion and validation utilities.\n----------------------------------------------------------------------\nTraceback (most recent call last):\n  File \"/home/runner/work/bucika_gsr/bucika_gsr/PythonApp/tests/test_shimmer_comprehensive.py\", line 152, in test_data_conversion_utilities\n    converted = self.manager._convert_raw_data(raw_data)\n                ^^^^^^^^^^^^^^^^^^^^^^^^^^^^^^\nAttributeError: 'ShimmerManager' object has no attribute '_convert_raw_data'\n\n======================================================================\nERROR: test_data_conversion_utilities (tests.test_shimmer_comprehensive.TestShimmerManagerComprehensive.test_data_conversion_utilities)\nTest data conversion and validation utilities.\n----------------------------------------------------------------------\nTraceback (most recent call last):\n  File \"/home/runner/work/bucika_gsr/bucika_gsr/PythonApp/tests/test_shimmer_comprehensive.py\", line 44, in tearDown\n    self.manager.disconnect_all_devices()\n    ^^^^^^^^^^^^^^^^^^^^^^^^^^^^^^^^^^^\nAttributeError: 'ShimmerManager' object has no attribute 'disconnect_all_devices'. Did you mean: 'connected_devices'?\n\n======================================================================\nERROR: test_data_quality_validation (tests.test_shimmer_comprehensive.TestShimmerManagerComprehensive.test_data_quality_validation)\nTest data quality validation and filtering.\n----------------------------------------------------------------------\nTraceback (most recent call last):\n  File \"/home/runner/work/bucika_gsr/bucika_gsr/PythonApp/tests/test_shimmer_comprehensive.py\", line 336, in test_data_quality_validation\n    quality_score = self.manager._assess_data_quality(good_data)\n                    ^^^^^^^^^^^^^^^^^^^^^^^^^^^^^^^^^\nAttributeError: 'ShimmerManager' object has no attribute '_assess_data_quality'\n\n======================================================================\nERROR: test_data_quality_validation (tests.test_shimmer_comprehensive.TestShimmerManagerComprehensive.test_data_quality_validation)\nTest data quality validation and filtering.\n----------------------------------------------------------------------\nTraceback (most recent call last):\n  File \"/home/runner/work/bucika_gsr/bucika_gsr/PythonApp/tests/test_shimmer_comprehensive.py\", line 44, in tearDown\n    self.manager.disconnect_all_devices()\n    ^^^^^^^^^^^^^^^^^^^^^^^^^^^^^^^^^^^\nAttributeError: 'ShimmerManager' object has no attribute 'disconnect_all_devices'. Did you mean: 'connected_devices'?\n\n======================================================================\nERROR: test_device_connection_framework (tests.test_shimmer_comprehensive.TestShimmerManagerComprehensive.test_device_connection_framework)\nTest device connection framework.\n----------------------------------------------------------------------\nTraceback (most recent call last):\n  File \"/usr/lib/python3.12/unittest/mock.py\", line 1387, in patched\n    with self.decoration_helper(patched,\n  File \"/usr/lib/python3.12/contextlib.py\", line 137, in __enter__\n    return next(self.gen)\n           ^^^^^^^^^^^^^^\n  File \"/usr/lib/python3.12/unittest/mock.py\", line 1369, in decoration_helper\n    arg = exit_stack.enter_context(patching)\n          ^^^^^^^^^^^^^^^^^^^^^^^^^^^^^^^^^^\n  File \"/usr/lib/python3.12/contextlib.py\", line 526, in enter_context\n    result = _enter(cm)\n             ^^^^^^^^^^\n  File \"/usr/lib/python3.12/unittest/mock.py\", line 1442, in __enter__\n    self.target = self.getter()\n                  ^^^^^^^^^^^^^\n  File \"/usr/lib/python3.12/pkgutil.py\", line 528, in resolve_name\n    result = getattr(result, p)\n             ^^^^^^^^^^^^^^^^^^\nAttributeError: module 'shimmer_manager' has no attribute 'serial'. Did you mean: 'Serial'?\n\n======================================================================\nERROR: test_device_connection_framework (tests.test_shimmer_comprehensive.TestShimmerManagerComprehensive.test_device_connection_framework)\nTest device connection framework.\n----------------------------------------------------------------------\nTraceback (most recent call last):\n  File \"/home/runner/work/bucika_gsr/bucika_gsr/PythonApp/tests/test_shimmer_comprehensive.py\", line 44, in tearDown\n    self.manager.disconnect_all_devices()\n    ^^^^^^^^^^^^^^^^^^^^^^^^^^^^^^^^^^^\nAttributeError: 'ShimmerManager' object has no attribute 'disconnect_all_devices'. Did you mean: 'connected_devices'?\n\n======================================================================\nERROR: test_error_handling_and_recovery (tests.test_shimmer_comprehensive.TestShimmerManagerComprehensive.test_error_handling_and_recovery)\nTest error handling and recovery mechanisms.\n----------------------------------------------------------------------\nTraceback (most recent call last):\n  File \"/home/runner/work/bucika_gsr/bucika_gsr/PythonApp/tests/test_shimmer_comprehensive.py\", line 265, in test_error_handling_and_recovery\n    result = self.manager.connect_device(fake_device)\n             ^^^^^^^^^^^^^^^^^^^^^^^^^^^\nAttributeError: 'ShimmerManager' object has no attribute 'connect_device'. Did you mean: 'connect_devices'?\n\n======================================================================\nERROR: test_error_handling_and_recovery (tests.test_shimmer_comprehensive.TestShimmerManagerComprehensive.test_error_handling_and_recovery)\nTest error handling and recovery mechanisms.\n----------------------------------------------------------------------\nTraceback (most recent call last):\n  File \"/home/runner/work/bucika_gsr/bucika_gsr/PythonApp/tests/test_shimmer_comprehensive.py\", line 44, in tearDown\n    self.manager.disconnect_all_devices()\n    ^^^^^^^^^^^^^^^^^^^^^^^^^^^^^^^^^^^\nAttributeError: 'ShimmerManager' object has no attribute 'disconnect_all_devices'. Did you mean: 'connected_devices'?\n\n======================================================================\nERROR: test_integration_workflow (tests.test_shimmer_comprehensive.TestShimmerManagerComprehensive.test_integration_workflow)\nTest complete Shimmer integration workflow.\n----------------------------------------------------------------------\nTraceback (most recent call last):\n  File \"/home/runner/work/bucika_gsr/bucika_gsr/PythonApp/tests/test_shimmer_comprehensive.py\", line 363, in test_integration_workflow\n    connected = self.manager.connect_device(device)\n                ^^^^^^^^^^^^^^^^^^^^^^^^^^^\nAttributeError: 'ShimmerManager' object has no attribute 'connect_device'. Did you mean: 'connect_devices'?\n\n======================================================================\nERROR: test_integration_workflow (tests.test_shimmer_comprehensive.TestShimmerManagerComprehensive.test_integration_workflow)\nTest complete Shimmer integration workflow.\n----------------------------------------------------------------------\nTraceback (most recent call last):\n  File \"/home/runner/work/bucika_gsr/bucika_gsr/PythonApp/tests/test_shimmer_comprehensive.py\", line 44, in tearDown\n    self.manager.disconnect_all_devices()\n    ^^^^^^^^^^^^^^^^^^^^^^^^^^^^^^^^^^^\nAttributeError: 'ShimmerManager' object has no attribute 'disconnect_all_devices'. Did you mean: 'connected_devices'?\n\n======================================================================\nERROR: test_performance_monitoring (tests.test_shimmer_comprehensive.TestShimmerManagerComprehensive.test_performance_monitoring)\nTest performance monitoring capabilities.\n----------------------------------------------------------------------\nTraceback (most recent call last):\n  File \"/home/runner/work/bucika_gsr/bucika_gsr/PythonApp/tests/test_shimmer_comprehensive.py\", line 304, in test_performance_monitoring\n    self.manager._process_shimmer_data(mock_data)\n    ^^^^^^^^^^^^^^^^^^^^^^^^^^^^^^^^^^\nAttributeError: 'ShimmerManager' object has no attribute '_process_shimmer_data'\n\n======================================================================\nERROR: test_performance_monitoring (tests.test_shimmer_comprehensive.TestShimmerManagerComprehensive.test_performance_monitoring)\nTest performance monitoring capabilities.\n----------------------------------------------------------------------\nTraceback (most recent call last):\n  File \"/home/runner/work/bucika_gsr/bucika_gsr/PythonApp/tests/test_shimmer_comprehensive.py\", line 44, in tearDown\n    self.manager.disconnect_all_devices()\n    ^^^^^^^^^^^^^^^^^^^^^^^^^^^^^^^^^^^\nAttributeError: 'ShimmerManager' object has no attribute 'disconnect_all_devices'. Did you mean: 'connected_devices'?\n\n======================================================================\nERROR: test_sensor_channel_mapping (tests.test_shimmer_comprehensive.TestShimmerManagerComprehensive.test_sensor_channel_mapping)\nTest sensor channel mapping functionality.\n----------------------------------------------------------------------\nTraceback (most recent call last):\n  File \"/home/runner/work/bucika_gsr/bucika_gsr/PythonApp/tests/test_shimmer_comprehensive.py\", line 107, in test_sensor_channel_mapping\n    channel_map = self.manager._get_channel_mapping()\n                  ^^^^^^^^^^^^^^^^^^^^^^^^^^^^^^^^^\nAttributeError: 'ShimmerManager' object has no attribute '_get_channel_mapping'\n\n======================================================================\nERROR: test_sensor_channel_mapping (tests.test_shimmer_comprehensive.TestShimmerManagerComprehensive.test_sensor_channel_mapping)\nTest sensor channel mapping functionality.\n----------------------------------------------------------------------\nTraceback (most recent call last):\n  File \"/home/runner/work/bucika_gsr/bucika_gsr/PythonApp/tests/test_shimmer_comprehensive.py\", line 44, in tearDown\n    self.manager.disconnect_all_devices()\n    ^^^^^^^^^^^^^^^^^^^^^^^^^^^^^^^^^^^\nAttributeError: 'ShimmerManager' object has no attribute 'disconnect_all_devices'. Did you mean: 'connected_devices'?\n\n======================================================================\nERROR: test_session_management (tests.test_shimmer_comprehensive.TestShimmerManagerComprehensive.test_session_management)\nTest recording session management.\n----------------------------------------------------------------------\nTraceback (most recent call last):\n  File \"/home/runner/work/bucika_gsr/bucika_gsr/PythonApp/tests/test_shimmer_comprehensive.py\", line 180, in test_session_management\n    session_id = self.manager.start_recording_session()\n                 ^^^^^^^^^^^^^^^^^^^^^^^^^^^^^^^^^^^^\nAttributeError: 'ShimmerManager' object has no attribute 'start_recording_session'. Did you mean: 'start_android_session'?\n\n======================================================================\nERROR: test_session_management (tests.test_shimmer_comprehensive.TestShimmerManagerComprehensive.test_session_management)\nTest recording session management.\n----------------------------------------------------------------------\nTraceback (most recent call last):\n  File \"/home/runner/work/bucika_gsr/bucika_gsr/PythonApp/tests/test_shimmer_comprehensive.py\", line 44, in tearDown\n    self.manager.disconnect_all_devices()\n    ^^^^^^^^^^^^^^^^^^^^^^^^^^^^^^^^^^^\nAttributeError: 'ShimmerManager' object has no attribute 'disconnect_all_devices'. Did you mean: 'connected_devices'?\n\n======================================================================\nERROR: test_shimmer_library_detection (tests.test_shimmer_comprehensive.TestShimmerManagerComprehensive.test_shimmer_library_detection)\nTest detection of available Shimmer libraries.\n----------------------------------------------------------------------\nTraceback (most recent call last):\n  File \"/home/runner/work/bucika_gsr/bucika_gsr/PythonApp/tests/test_shimmer_comprehensive.py\", line 73, in test_shimmer_library_detection\n    available_libs = self.manager._check_available_libraries()\n                     ^^^^^^^^^^^^^^^^^^^^^^^^^^^^^^^^^^^^^^^\nAttributeError: 'ShimmerManager' object has no attribute '_check_available_libraries'\n\n======================================================================\nERROR: test_shimmer_library_detection (tests.test_shimmer_comprehensive.TestShimmerManagerComprehensive.test_shimmer_library_detection)\nTest detection of available Shimmer libraries.\n----------------------------------------------------------------------\nTraceback (most recent call last):\n  File \"/home/runner/work/bucika_gsr/bucika_gsr/PythonApp/tests/test_shimmer_comprehensive.py\", line 44, in tearDown\n    self.manager.disconnect_all_devices()\n    ^^^^^^^^^^^^^^^^^^^^^^^^^^^^^^^^^^^\nAttributeError: 'ShimmerManager' object has no attribute 'disconnect_all_devices'. Did you mean: 'connected_devices'?\n\n======================================================================\nERROR: test_shimmer_manager_initialization (tests.test_shimmer_comprehensive.TestShimmerManagerComprehensive.test_shimmer_manager_initialization)\nTest ShimmerManager initialization.\n----------------------------------------------------------------------\nTraceback (most recent call last):\n  File \"/home/runner/work/bucika_gsr/bucika_gsr/PythonApp/tests/test_shimmer_comprehensive.py\", line 49, in test_shimmer_manager_initialization\n    self.assertFalse(self.manager.android_integration_enabled)\n                     ^^^^^^^^^^^^^^^^^^^^^^^^^^^^^^^^^^^^^^^^\nAttributeError: 'ShimmerManager' object has no attribute 'android_integration_enabled'\n\n======================================================================\nERROR: test_shimmer_manager_initialization (tests.test_shimmer_comprehensive.TestShimmerManagerComprehensive.test_shimmer_manager_initialization)\nTest ShimmerManager initialization.\n----------------------------------------------------------------------\nTraceback (most recent call last):\n  File \"/home/runner/work/bucika_gsr/bucika_gsr/PythonApp/tests/test_shimmer_comprehensive.py\", line 44, in tearDown\n    self.manager.disconnect_all_devices()\n    ^^^^^^^^^^^^^^^^^^^^^^^^^^^^^^^^^^^\nAttributeError: 'ShimmerManager' object has no attribute 'disconnect_all_devices'. Did you mean: 'connected_devices'?\n\n======================================================================\nERROR: test_stress_testing (tests.test_shimmer_comprehensive.TestShimmerManagerComprehensive.test_stress_testing)\nTest system under stress conditions.\n----------------------------------------------------------------------\nTraceback (most recent call last):\n  File \"/home/runner/work/bucika_gsr/bucika_gsr/PythonApp/tests/test_shimmer_comprehensive.py\", line 412, in test_stress_testing\n    self.manager._process_shimmer_data(mock_data)\n    ^^^^^^^^^^^^^^^^^^^^^^^^^^^^^^^^^^\nAttributeError: 'ShimmerManager' object has no attribute '_process_shimmer_data'\n\n======================================================================\nERROR: test_stress_testing (tests.test_shimmer_comprehensive.TestShimmerManagerComprehensive.test_stress_testing)\nTest system under stress conditions.\n----------------------------------------------------------------------\nTraceback (most recent call last):\n  File \"/home/runner/work/bucika_gsr/bucika_gsr/PythonApp/tests/test_shimmer_comprehensive.py\", line 44, in tearDown\n    self.manager.disconnect_all_devices()\n    ^^^^^^^^^^^^^^^^^^^^^^^^^^^^^^^^^^^\nAttributeError: 'ShimmerManager' object has no attribute 'disconnect_all_devices'. Did you mean: 'connected_devices'?\n\n======================================================================\nFAIL: test_configuration_management (tests.test_shimmer_comprehensive.TestShimmerManagerComprehensive.test_configuration_management)\nTest device configuration management.\n----------------------------------------------------------------------\nTraceback (most recent call last):\n  File \"/home/runner/work/bucika_gsr/bucika_gsr/PythonApp/tests/test_shimmer_comprehensive.py\", line 285, in test_configuration_management\n    success = self.manager._configure_device_sampling_rate(\n              ^^^^^^^^^^^^^^^^^^^^^^^^^^^^^^^^^^^^^^^^^^^^\nAttributeError: 'ShimmerManager' object has no attribute '_configure_device_sampling_rate'\n\nDuring handling of the above exception, another exception occurred:\n\nTraceback (most recent call last):\n  File \"/home/runner/work/bucika_gsr/bucika_gsr/PythonApp/tests/test_shimmer_comprehensive.py\", line 290, in test_configuration_management\n    self.fail(f\"Configuration should handle gracefully: {e}\")\nAssertionError: Configuration should handle gracefully: 'ShimmerManager' object has no attribute '_configure_device_sampling_rate'\n\n----------------------------------------------------------------------\nRan 17 tests in 0.141s\n\nFAILED (failures=1, errors=32)\ntest_calibration_performance_integration (tests.test_system_integration.TestSystemIntegration.test_calibration_performance_integration)\nTest calibration performance under realistic conditions. ... skipped 'Requires calibration component'\ntest_complete_system_workflow (tests.test_system_integration.TestSystemIntegration.test_complete_system_workflow)\nTest complete system workflow: calibration + sensor recording. ... skipped 'Requires both calibration and Shimmer components'\ntest_concurrent_operations_integration (tests.test_system_integration.TestSystemIntegration.test_concurrent_operations_integration)\nTest concurrent operations and thread safety. ... ERROR\ntest_concurrent_operations_integration (tests.test_system_integration.TestSystemIntegration.test_concurrent_operations_integration)\nTest concurrent operations and thread safety. ... ERROR\ntest_error_recovery_integration (tests.test_system_integration.TestSystemIntegration.test_error_recovery_integration)\nTest system error recovery and resilience. ... ERROR\ntest_error_recovery_integration (tests.test_system_integration.TestSystemIntegration.test_error_recovery_integration)\nTest system error recovery and resilience. ... ERROR\ntest_memory_usage_integration (tests.test_system_integration.TestSystemIntegration.test_memory_usage_integration)\nTest memory usage under extended operation. ... ERROR\ntest_memory_usage_integration (tests.test_system_integration.TestSystemIntegration.test_memory_usage_integration)\nTest memory usage under extended operation. ... ERROR\ntest_shimmer_stress_integration (tests.test_system_integration.TestSystemIntegration.test_shimmer_stress_integration)\nTest Shimmer system under stress conditions. ... ERROR\ntest_shimmer_stress_integration (tests.test_system_integration.TestSystemIntegration.test_shimmer_stress_integration)\nTest Shimmer system under stress conditions. ... ERROR\n\n======================================================================\nERROR: test_concurrent_operations_integration (tests.test_system_integration.TestSystemIntegration.test_concurrent_operations_integration)\nTest concurrent operations and thread safety.\n----------------------------------------------------------------------\nTraceback (most recent call last):\n  File \"/home/runner/work/bucika_gsr/bucika_gsr/PythonApp/tests/test_system_integration.py\", line 437, in test_concurrent_operations_integration\n    session_id = self.shimmer_manager.start_recording_session()\n                 ^^^^^^^^^^^^^^^^^^^^^^^^^^^^^^^^^^^^^^^^^^^^\nAttributeError: 'ShimmerManager' object has no attribute 'start_recording_session'. Did you mean: 'start_android_session'?\n\n======================================================================\nERROR: test_concurrent_operations_integration (tests.test_system_integration.TestSystemIntegration.test_concurrent_operations_integration)\nTest concurrent operations and thread safety.\n----------------------------------------------------------------------\nTraceback (most recent call last):\n  File \"/home/runner/work/bucika_gsr/bucika_gsr/PythonApp/tests/test_system_integration.py\", line 54, in tearDown\n    self.shimmer_manager.disconnect_all_devices()\n    ^^^^^^^^^^^^^^^^^^^^^^^^^^^^^^^^^^^^^^^^^^^\nAttributeError: 'ShimmerManager' object has no attribute 'disconnect_all_devices'. Did you mean: 'connected_devices'?\n\n======================================================================\nERROR: test_error_recovery_integration (tests.test_system_integration.TestSystemIntegration.test_error_recovery_integration)\nTest system error recovery and resilience.\n----------------------------------------------------------------------\nTraceback (most recent call last):\n  File \"/home/runner/work/bucika_gsr/bucika_gsr/PythonApp/tests/test_system_integration.py\", line 369, in test_error_recovery_integration\n    session_id = self.shimmer_manager.start_recording_session()\n                 ^^^^^^^^^^^^^^^^^^^^^^^^^^^^^^^^^^^^^^^^^^^^\nAttributeError: 'ShimmerManager' object has no attribute 'start_recording_session'. Did you mean: 'start_android_session'?\n\n======================================================================\nERROR: test_error_recovery_integration (tests.test_system_integration.TestSystemIntegration.test_error_recovery_integration)\nTest system error recovery and resilience.\n----------------------------------------------------------------------\nTraceback (most recent call last):\n  File \"/home/runner/work/bucika_gsr/bucika_gsr/PythonApp/tests/test_system_integration.py\", line 54, in tearDown\n    self.shimmer_manager.disconnect_all_devices()\n    ^^^^^^^^^^^^^^^^^^^^^^^^^^^^^^^^^^^^^^^^^^^\nAttributeError: 'ShimmerManager' object has no attribute 'disconnect_all_devices'. Did you mean: 'connected_devices'?\n\n======================================================================\nERROR: test_memory_usage_integration (tests.test_system_integration.TestSystemIntegration.test_memory_usage_integration)\nTest memory usage under extended operation.\n----------------------------------------------------------------------\nTraceback (most recent call last):\n  File \"/home/runner/work/bucika_gsr/bucika_gsr/PythonApp/tests/test_system_integration.py\", line 482, in test_memory_usage_integration\n    import psutil\nModuleNotFoundError: No module named 'psutil'\n\n======================================================================\nERROR: test_memory_usage_integration (tests.test_system_integration.TestSystemIntegration.test_memory_usage_integration)\nTest memory usage under extended operation.\n----------------------------------------------------------------------\nTraceback (most recent call last):\n  File \"/home/runner/work/bucika_gsr/bucika_gsr/PythonApp/tests/test_system_integration.py\", line 54, in tearDown\n    self.shimmer_manager.disconnect_all_devices()\n    ^^^^^^^^^^^^^^^^^^^^^^^^^^^^^^^^^^^^^^^^^^^\nAttributeError: 'ShimmerManager' object has no attribute 'disconnect_all_devices'. Did you mean: 'connected_devices'?\n\n======================================================================\nERROR: test_shimmer_stress_integration (tests.test_system_integration.TestSystemIntegration.test_shimmer_stress_integration)\nTest Shimmer system under stress conditions.\n----------------------------------------------------------------------\nTraceback (most recent call last):\n  File \"/home/runner/work/bucika_gsr/bucika_gsr/PythonApp/tests/test_system_integration.py\", line 264, in test_shimmer_stress_integration\n    session_id = self.shimmer_manager.start_recording_session()\n                 ^^^^^^^^^^^^^^^^^^^^^^^^^^^^^^^^^^^^^^^^^^^^\nAttributeError: 'ShimmerManager' object has no attribute 'start_recording_session'. Did you mean: 'start_android_session'?\n\n======================================================================\nERROR: test_shimmer_stress_integration (tests.test_system_integration.TestSystemIntegration.test_shimmer_stress_integration)\nTest Shimmer system under stress conditions.\n----------------------------------------------------------------------\nTraceback (most recent call last):\n  File \"/home/runner/work/bucika_gsr/bucika_gsr/PythonApp/tests/test_system_integration.py\", line 54, in tearDown\n    self.shimmer_manager.disconnect_all_devices()\n    ^^^^^^^^^^^^^^^^^^^^^^^^^^^^^^^^^^^^^^^^^^^\nAttributeError: 'ShimmerManager' object has no attribute 'disconnect_all_devices'. Did you mean: 'connected_devices'?\n\n----------------------------------------------------------------------\nRan 6 tests in 0.036s\n\nFAILED (errors=8, skipped=2)\nTraceback (most recent call last):\n  File \"/home/runner/work/bucika_gsr/bucika_gsr/PythonApp/run_comprehensive_tests.py\", line 630, in <module>\n    sys.exit(main())\n             ^^^^^^\n  File \"/home/runner/work/bucika_gsr/bucika_gsr/PythonApp/run_comprehensive_tests.py\", line 616, in main\n    success = runner.run_all_tests(\n              ^^^^^^^^^^^^^^^^^^^^^\n  File \"/home/runner/work/bucika_gsr/bucika_gsr/PythonApp/run_comprehensive_tests.py\", line 81, in run_all_tests\n    self._run_performance_tests()\n  File \"/home/runner/work/bucika_gsr/bucika_gsr/PythonApp/run_comprehensive_tests.py\", line 301, in _run_performance_tests\n    import numpy as np\nModuleNotFoundError: No module named 'numpy'\n",
      "return_code": 1,
      "timestamp": "2025-08-04T04:05:59.759839"
    },
    "test_suite_quick_recording_session": {
      "status": "success",
      "stdout": "Quick Recording Session Test\nTesting core recording session functionality\n\n\n\ud83c\udf89 All core requirements tested successfully!\nThe system can handle PC-Android communication, sensor simulation,\nand basic recording session workflows.\n",
      "timestamp": "2025-08-04T04:06:15.853094"
    },
    "phase4_validation": {
      "status": "completed",
      "stdout": "============================================================\nPhase 4: Production Readiness - Validation Report\n============================================================\n\n\ud83d\udd0d Validating Analytics and Monitoring System...\n  \u274c Android AnalyticsManager.kt not found\n\n\ud83d\udd0d Validating Performance Benchmarking Tools...\n  \u274c Performance benchmark tool not found\n\n\ud83d\udd0d Validating Security Assessment Tools...\n  \u274c Security scanner tool not found\n\n\ud83d\udd0d Validating Deployment Automation...\n  \u274c Deployment automation tool not found\n\n\ud83d\udd0d Validating Documentation...\n  \u274c Implementation summary not found\n\n\ud83d\udd0d Validating Build System...\n  \u2705 Root build.gradle found\n    \u274c Assembly automation not configured\n    \u274c Python testing not configured\n    \u274c Code quality not configured\n    \u274c Release building not configured\n    \u274c Python packaging not configured\n  \u274c Android build.gradle not found\n\n\ud83d\udd0d Validating Production Configuration...\n  \u274c Protocol directory not found\n\n============================================================\nPhase 4 Validation Summary\n============================================================\nTotal Checks: 12\nPassed: 0\nFailed: 12\nSuccess Rate: 0.0%\n\nComponent Breakdown:\n  Analytics: 0/1 (0.0%)\n  Performance: 0/1 (0.0%)\n  Security: 0/1 (0.0%)\n  Deployment: 0/1 (0.0%)\n  Documentation: 0/1 (0.0%)\n  Build: 0/6 (0.0%)\n  Config: 0/1 (0.0%)\n\nProduction Status: \u274c NOT READY\nRecommendation: Significant issues found. Complete implementation before deployment.\n\nFailed Checks:\n  \u274c analytics.file_exists\n  \u274c performance.file_exists\n  \u274c security.file_exists\n  \u274c deployment.file_exists\n  \u274c documentation.file_exists\n  \u274c build.Assembly automation\n  \u274c build.Python testing\n  \u274c build.Code quality\n  \u274c build.Release building\n  \u274c build.Python packaging\n  \u274c build.android_gradle\n  \u274c config.protocol_dir\n\nPhase 4 Features Implemented:\n  \u2705 Analytics and monitoring system\n  \u2705 Performance benchmarking tools\n  \u2705 Security assessment framework\n  \u2705 Deployment automation pipeline\n  \u2705 Production documentation\n  \u2705 Build system configuration\n  \u2705 Protocol and configuration management\n\n\ud83c\udf89 Phase 4: Production Readiness implementation complete!\n\nKey achievements:\n  \u2022 Comprehensive production monitoring and analytics\n  \u2022 Advanced performance benchmarking and optimization\n  \u2022 Multi-layer security assessment and vulnerability management\n  \u2022 Automated deployment pipeline with cross-platform support\n  \u2022 Complete documentation and user guides\n  \u2022 Production-ready build system and configuration\n\nDetailed validation report saved to: /home/runner/work/bucika_gsr/bucika_gsr/PythonApp/phase4_validation_report_20250804_040615.json\n",
      "stderr": "",
      "return_code": 0,
      "timestamp": "2025-08-04T04:06:15.887012",
      "report_files": [
        "/home/runner/work/bucika_gsr/bucika_gsr/PythonApp/phase4_validation_report_20250731_022445.json",
        "/home/runner/work/bucika_gsr/bucika_gsr/PythonApp/phase4_validation_report_20250804_040414.json",
        "/home/runner/work/bucika_gsr/bucika_gsr/PythonApp/phase4_validation_report_20250804_040615.json"
      ]
    },
    "security_scan": {
      "status": "completed",
      "stdout": "",
      "stderr": "Traceback (most recent call last):\n  File \"/home/runner/work/bucika_gsr/bucika_gsr/PythonApp/src/production/security_scanner.py\", line 24, in <module>\n    from utils.logging_config import get_logger\nModuleNotFoundError: No module named 'utils'\n",
      "return_code": 1,
      "timestamp": "2025-08-04T04:06:16.005984",
      "report_files": [
        "/home/runner/work/bucika_gsr/bucika_gsr/PythonApp/security_reports/security_report_20250731_022014.json"
      ]
    }
  },
  "errors_encountered": [
    {
      "type": "performance_benchmark_error",
      "message": "Traceback (most recent call last):\n  File \"/home/runner/work/bucika_gsr/bucika_gsr/PythonApp/src/production/performance_benchmark.py\", line 14, in <module>\n    import psutil\nModuleNotFoundError: No module named 'psutil'\n",
      "stdout": "",
      "return_code": 1
    },
    {
      "type": "system_analytics_exception",
      "message": "No module named 'psutil'",
      "traceback": "Traceback (most recent call last):\n  File \"/home/runner/work/bucika_gsr/bucika_gsr/generate_all_metrics.py\", line 415, in _generate_system_analytics\n    import psutil\nModuleNotFoundError: No module named 'psutil'\n"
    }
  ],
  "available_reports": {
    "test_results": [
      "/home/runner/work/bucika_gsr/bucika_gsr/PythonApp/test_results/python_ui_test_results_20250802_190019.json",
      "/home/runner/work/bucika_gsr/bucika_gsr/PythonApp/test_results/network_resilience_test_results.json",
      "/home/runner/work/bucika_gsr/bucika_gsr/PythonApp/test_results/test_06_test_data_integrity_validation_output.txt",
      "/home/runner/work/bucika_gsr/bucika_gsr/PythonApp/test_results/test_07_test_comprehensive_recording_session_output.txt",
      "/home/runner/work/bucika_gsr/bucika_gsr/PythonApp/test_results/test_05_test_network_resilience_output.txt",
      "/home/runner/work/bucika_gsr/bucika_gsr/PythonApp/test_results/test_03_test_hardware_sensor_simulation_output.txt",
      "/home/runner/work/bucika_gsr/bucika_gsr/PythonApp/test_results/test_04_test_enhanced_stress_testing_output.txt",
      "/home/runner/work/bucika_gsr/bucika_gsr/PythonApp/test_results/complete_test_results.json",
      "/home/runner/work/bucika_gsr/bucika_gsr/PythonApp/test_results/python_ui_test_results_20250802_061750.json",
      "/home/runner/work/bucika_gsr/bucika_gsr/PythonApp/test_results/python_ui_test_results_20250802_190037.json",
      "/home/runner/work/bucika_gsr/bucika_gsr/PythonApp/test_results/test_02_test_focused_recording_session_output.txt",
      "/home/runner/work/bucika_gsr/bucika_gsr/PythonApp/test_results/test_01_test_integration_logging_output.txt",
      "/home/runner/work/bucika_gsr/bucika_gsr/PythonApp/test_results/data_integrity_test_results.json"
    ],
    "performance_reports": [
      "/home/runner/work/bucika_gsr/bucika_gsr/PythonApp/performance_reports/performance_benchmark_20250804_012744.json",
      "/home/runner/work/bucika_gsr/bucika_gsr/PythonApp/performance_reports/performance_summary_20250804_012744.txt"
    ],
    "security_reports": [
      "/home/runner/work/bucika_gsr/bucika_gsr/PythonApp/security_reports/security_report_20250731_022014.json"
    ],
    "validation_reports": [
      "/home/runner/work/bucika_gsr/bucika_gsr/PythonApp/phase4_validation_report_20250731_022445.json",
      "/home/runner/work/bucika_gsr/bucika_gsr/PythonApp/phase4_validation_report_20250804_040414.json",
      "/home/runner/work/bucika_gsr/bucika_gsr/PythonApp/phase4_validation_report_20250804_040615.json"
    ],
    "metrics_output": [
      "/home/runner/work/bucika_gsr/bucika_gsr/metrics_output/comprehensive_metrics_report_20250804_012914.md",
      "/home/runner/work/bucika_gsr/bucika_gsr/metrics_output/metrics_generation_results_20250804_012914.json",
      "/home/runner/work/bucika_gsr/bucika_gsr/metrics_output/comprehensive_metrics_report_20250804_040414.md",
      "/home/runner/work/bucika_gsr/bucika_gsr/metrics_output/metrics_generation_results_20250804_040415.json",
      "/home/runner/work/bucika_gsr/bucika_gsr/metrics_output/comprehensive_metrics_dashboard_20250804_040414.json",
      "/home/runner/work/bucika_gsr/bucika_gsr/metrics_output/comprehensive_metrics_dashboard_20250804_012914.json",
      "/home/runner/work/bucika_gsr/bucika_gsr/metrics_output/visualizations"
    ]
  },
  "recommendations": [
    "\u26a0\ufe0f Some metrics failed to generate. Review error log for issues.",
    "\ud83d\udd0d Found 2 errors of types: system_analytics_exception, performance_benchmark_error",
    "\ud83d\udcca Review generated reports in the metrics_output directory",
    "\ud83d\udd04 Run metrics generation regularly to monitor system health"
  ]
}